[handleMsg]:  {
  key: {
    remoteJid: '51966564107@s.whatsapp.net',
    fromMe: false,
    id: '3EB025AE7EAC7A88053121',
    participant: undefined
  },
  messageTimestamp: 1714288388,
  pushName: 'Pepe',
  broadcast: false,
  message: Message {
    conversation: 'hola',
    messageContextInfo: MessageContextInfo {
      deviceListMetadata: [DeviceListMetadata],
      deviceListMetadataVersion: 2
    }
  },
  body: 'hola',
  from: '51966564107'
}
[QUEUE_SE_ENVIO]:  {
  ref: 'ans_c80eba55-d49a-4ff4-91ef-343680edb97d',
  keyword: 'key_ca973e93-49f8-4016-aa6a-40264d0aed40',
  answer: '...',
  options: {
    media: null,
    buttons: [],
    capture: false,
    child: null,
    delay: 100,
    idle: null,
    ref: null,
    nested: [],
    keyword: {},
    callback: true
  },
  refSerialize: '402448e684984aabf318e1f033d899ea'
}
[handleMsg]:  {
  key: {
    remoteJid: '51966564107@s.whatsapp.net',
    fromMe: false,
    id: '3EB054F68D0EA89825DD88',
    participant: undefined
  },
  messageTimestamp: 1714288518,
  pushName: 'Pepe',
  broadcast: false,
  message: Message {
    conversation: 'hola',
    messageContextInfo: MessageContextInfo {
      deviceListMetadata: [DeviceListMetadata],
      deviceListMetadataVersion: 2
    }
  },
  body: 'hola',
  from: '51966564107'
}
[QUEUE_SE_ENVIO]:  {
  ref: 'ans_c80eba55-d49a-4ff4-91ef-343680edb97d',
  keyword: 'key_ca973e93-49f8-4016-aa6a-40264d0aed40',
  answer: '...',
  options: {
    media: null,
    buttons: [],
    capture: false,
    child: null,
    delay: 100,
    idle: null,
    ref: null,
    nested: [],
    keyword: {},
    callback: true
  },
  refSerialize: '402448e684984aabf318e1f033d899ea'
}
